app/build/intermediates/manifest_merge_blame_file/debug/manifest-merger-blame-debug-report.txt
1<?xml version="1.0" encoding="utf-8"?>
2<manifest xmlns:android="http://schemas.android.com/apk/res/android"
3    package="com.itcuties.android.apps"
4    android:versionCode="1"
5    android:versionName="1.0" >
6
7    <uses-sdk
8        android:minSdkVersion="14"
8-->src/main/AndroidManifest.xml
9        android:targetSdkVersion="29" />
9-->src/main/AndroidManifest.xml
10
11    <uses-permission android:name="android.permission.READ_SMS" />
11-->src/main/AndroidManifest.xml:9:5-67
11-->src/main/AndroidManifest.xml:9:22-64
12
13    <application
13-->src/main/AndroidManifest.xml:11:5-26:19
14        android:allowBackup="true"
14-->src/main/AndroidManifest.xml:12:9-35
15        android:appComponentFactory="androidx.core.app.CoreComponentFactory"
15-->[androidx.core:core:1.2.0] AndroidManifest.xml:24:18-86
16        android:debuggable="true"
17        android:fullBackupContent="true"
17-->src/main/AndroidManifest.xml:13:9-41
18        android:icon="@drawable/ic_launcher"
18-->src/main/AndroidManifest.xml:14:9-45
19        android:label="@string/app_name"
19-->src/main/AndroidManifest.xml:15:9-41
20        android:testOnly="true"
21        android:theme="@style/Theme.AppCompat.Light" >
21-->src/main/AndroidManifest.xml:16:9-53
22        <activity
22-->src/main/AndroidManifest.xml:18:9-25:20
23            android:name="com.itcuties.android.apps.MainActivity"
23-->src/main/AndroidManifest.xml:19:13-66
24            android:label="@string/app_name" >
24-->src/main/AndroidManifest.xml:20:13-45
25            <intent-filter>
25-->src/main/AndroidManifest.xml:21:13-24:29
26                <action android:name="android.intent.action.MAIN" />
26-->src/main/AndroidManifest.xml:22:17-69
26-->src/main/AndroidManifest.xml:22:25-66
27
28                <category android:name="android.intent.category.LAUNCHER" />
28-->src/main/AndroidManifest.xml:23:17-77
28-->src/main/AndroidManifest.xml:23:27-74
29            </intent-filter>
30        </activity>
31    </application>
32
33</manifest>